<?xml version="1.0" encoding="UTF-8"?>
<!-- Generated by org.testng.reporters.JUnitReportReporter -->
<testsuite skipped="0" hostname="USER" name="TestNGDemo.DataDrivenDemo" tests="1" failures="0" timestamp="08 Nov 2017 17:44:34 GMT" time="10.108" errors="0">
  <testcase name="Login" time="10.108" classname="TestNGDemo.DataDrivenDemo"/>
</testsuite> <!-- TestNGDemo.DataDrivenDemo -->
