<?xml version="1.0" encoding="UTF-8"?>
<!-- Generated by org.testng.reporters.JUnitReportReporter -->
<testsuite skipped="0" hostname="LAPTOP-O49DF7TP" name="TestNGDemo.ClickLinksDemo" tests="3" failures="0" timestamp="10 May 2018 12:32:06 GMT" time="13.368" errors="0">
  <testcase name="RegisterLink" time="4.510" classname="TestNGDemo.ClickLinksDemo"/>
  <testcase name="SupportLink" time="4.401" classname="TestNGDemo.ClickLinksDemo"/>
  <testcase name="ContactLink" time="4.457" classname="TestNGDemo.ClickLinksDemo"/>
</testsuite> <!-- TestNGDemo.ClickLinksDemo -->
