<?xml version="1.0" encoding="UTF-8"?>
<!-- Generated by org.testng.reporters.JUnitReportReporter -->
<testsuite skipped="0" hostname="LAPTOP-O49DF7TP" name="TestNGDemo.NewTest" tests="1" failures="0" timestamp="02 Feb 2018 13:44:50 GMT" time="0.002" errors="0">
  <testcase name="f" time="0.002" classname="TestNGDemo.NewTest"/>
</testsuite> <!-- TestNGDemo.NewTest -->
