<?xml version="1.0" encoding="UTF-8"?>
<!-- Generated by org.testng.reporters.JUnitReportReporter -->
<testsuite skipped="0" hostname="LAPTOP-O49DF7TP" name="TestNGDemo.iFrameDemoTestNG" tests="1" failures="0" timestamp="10 May 2018 12:32:06 GMT" time="19.031" errors="0">
  <testcase name="switchFrame" time="19.031" classname="TestNGDemo.iFrameDemoTestNG"/>
</testsuite> <!-- TestNGDemo.iFrameDemoTestNG -->
