<?xml version="1.0" encoding="UTF-8"?>
<!-- Generated by org.testng.reporters.JUnitReportReporter -->
<testsuite skipped="0" hostname="LAPTOP-O49DF7TP" name="TestNGDemo.iFrameDemoTestNG" tests="1" failures="0" timestamp="10 May 2018 14:24:48 GMT" time="20.326" errors="0">
  <testcase name="switchFrame" time="20.326" classname="TestNGDemo.iFrameDemoTestNG"/>
</testsuite> <!-- TestNGDemo.iFrameDemoTestNG -->
