<?xml version="1.0" encoding="UTF-8"?>
<!-- Generated by org.testng.reporters.JUnitReportReporter -->
<testsuite skipped="0" hostname="LAPTOP-O49DF7TP" name="TestNGDemo.LoginSignOn" tests="1" failures="0" timestamp="10 May 2018 14:24:48 GMT" time="3.255" errors="0">
  <testcase name="signIn" time="3.255" classname="TestNGDemo.LoginSignOn"/>
</testsuite> <!-- TestNGDemo.LoginSignOn -->
