<?xml version="1.0" encoding="UTF-8"?>
<!-- Generated by org.testng.reporters.JUnitReportReporter -->
<testsuite skipped="0" hostname="LAPTOP-O49DF7TP" name="TestNGDemo.ClickLinksDemo" tests="3" failures="0" timestamp="10 May 2018 14:24:48 GMT" time="14.445" errors="0">
  <testcase name="RegisterLink" time="4.769" classname="TestNGDemo.ClickLinksDemo"/>
  <testcase name="SupportLink" time="4.778" classname="TestNGDemo.ClickLinksDemo"/>
  <testcase name="ContactLink" time="4.898" classname="TestNGDemo.ClickLinksDemo"/>
</testsuite> <!-- TestNGDemo.ClickLinksDemo -->
